<?xml version="1.0" encoding="UTF-8"?>
<!-- Generated by org.testng.reporters.JUnitReportReporter -->
<testsuite hostname="DESKTOP-HG2F2DD" failures="0" tests="1" name="qa.tests.Testcase1" time="7.804" errors="0" timestamp="2025-02-14T12:38:14 IST" skipped="0">
  <testcase classname="qa.tests.Testcase1" name="sampleMethodForEnteringCredentials" time="7.804"/>
  <system-out/>
</testsuite> <!-- qa.tests.Testcase1 -->
